<?xml version="1.0" encoding="UTF-8"?>
<!-- Generated by org.testng.reporters.JUnitXMLReporter -->
<testsuite hostname="qapitol-ThinkPad-L470" name="Default test" tests="4" failures="0" timestamp="31 Jul 2019 06:51:00 GMT" time="1.456" errors="0">
  <testcase name="testCreatingNewEmployee" time="1.324" classname="restAssuredUsingGit.test.Test1PS"/>
  <testcase name="testUpdatingAnEmployee" time="0.039" classname="restAssuredUsingGit.test.Test1PS"/>
  <testcase name="testAllEmployees" time="0.035" classname="restAssuredUsingGit.test.Test1PS"/>
  <testcase name="testSpecificEmployee" time="0.035" classname="restAssuredUsingGit.test.Test1PS"/>
</testsuite> <!-- Default test -->
