<?xml version="1.0" encoding="UTF-8"?>
<!-- Generated by org.testng.reporters.JUnitXMLReporter -->
<testsuite hostname="qapitol-ThinkPad-L470" ignored="0" name="Test" tests="4" failures="0" timestamp="31 Jul 2019 08:38:37 GMT" time="3.08" errors="0">
  <testcase name="testCreatingNewEmployee" time="2.928" classname="restAssuredUsingGit.test.Test1PS"/>
  <testcase name="testUpdatingAnEmployee" time="0.04" classname="restAssuredUsingGit.test.Test1PS"/>
  <testcase name="testAllEmployees" time="0.041" classname="restAssuredUsingGit.test.Test1PS"/>
  <testcase name="testSpecificEmployee" time="0.037" classname="restAssuredUsingGit.test.Test1PS"/>
</testsuite> <!-- Test -->
